E:\VS2019\MSBuild\Microsoft\VC\v160\Microsoft.CppBuild.targets(1091,5): warning MSB8027: 名为 pch.cpp 的两个或更多文件将生成到同一位置的输出。这会导致错误的生成结果。   调用的文件是 lab5\unittest\pch.cpp, studio16\unittest\pch.cpp, studio17\unittest\pch.cpp, studio18\unittest\pch.cpp, studio19\unittest\pch.cpp, studio20\unittest\pch.cpp, studio21\unittest\pch.cpp。
E:\VS2019\MSBuild\Microsoft\VC\v160\Microsoft.CppBuild.targets(1091,5): warning MSB8027: 名为 UnitTest.cpp 的两个或更多文件将生成到同一位置的输出。这会导致错误的生成结果。   调用的文件是 lab5\unittest\UnitTest.cpp, studio16\unittest\UnitTest.cpp, studio17\unittest\UnitTest.cpp, studio18\unittest\UnitTest.cpp, studio19\unittest\UnitTest.cpp, studio20\unittest\UnitTest.cpp, studio21\unittest\UnitTest.cpp。
  UnitTest.cpp
E:\VS_code\504\studio16-21andLab5\oop_work-axb2\lab5\unittest\UnitTest.cpp(2,10): fatal error C1083: 无法打开包括文件: “CppUnitTest.h”: No such file or directory
  BasicDisplayVisitor.cpp
  TouchCommand.cpp
  UnitTest.cpp
E:\VS_code\504\studio16-21andLab5\oop_work-axb2\studio16\unittest\UnitTest.cpp(2,10): fatal error C1083: 无法打开包括文件: “CppUnitTest.h”: No such file or directory
  Studio17.cpp
  UnitTest.cpp
E:\VS_code\504\studio16-21andLab5\oop_work-axb2\studio17\unittest\UnitTest.cpp(2,10): fatal error C1083: 无法打开包括文件: “CppUnitTest.h”: No such file or directory
  Studio18.cpp
  UnitTest.cpp
E:\VS_code\504\studio16-21andLab5\oop_work-axb2\studio18\unittest\UnitTest.cpp(2,10): fatal error C1083: 无法打开包括文件: “CppUnitTest.h”: No such file or directory
  Studio19.cpp
  UnitTest.cpp
E:\VS_code\504\studio16-21andLab5\oop_work-axb2\studio19\unittest\UnitTest.cpp(2,10): fatal error C1083: 无法打开包括文件: “CppUnitTest.h”: No such file or directory
  Studio20.cpp
  UnitTest.cpp
E:\VS_code\504\studio16-21andLab5\oop_work-axb2\studio20\unittest\UnitTest.cpp(2,10): fatal error C1083: 无法打开包括文件: “CppUnitTest.h”: No such file or directory
  Studio21.cpp
  UnitTest.cpp
E:\VS_code\504\studio16-21andLab5\oop_work-axb2\studio21\unittest\UnitTest.cpp(2,10): fatal error C1083: 无法打开包括文件: “CppUnitTest.h”: No such file or directory
  正在生成代码...
