  BasicDisplayVisitor.cpp
E:\VS_code\504\studio16-21andLab5\oop_work-axb2\SharedCode\BasicDisplayVisitor.cpp(20,19): error C2248: “ImageFile::dimensions”: 无法访问 private 成员(在“ImageFile”类中声明)
E:\VS_code\504\studio16-21andLab5\oop_work-axb2\SharedCode\ImageFile.h(34): message : 参见“ImageFile::dimensions”的声明
E:\VS_code\504\studio16-21andLab5\oop_work-axb2\SharedCode\ImageFile.h(8): message : 参见“ImageFile”的声明
E:\VS_code\504\studio16-21andLab5\oop_work-axb2\SharedCode\BasicDisplayVisitor.cpp(21,30): error C2248: “ImageFile::dimensions”: 无法访问 private 成员(在“ImageFile”类中声明)
E:\VS_code\504\studio16-21andLab5\oop_work-axb2\SharedCode\ImageFile.h(34): message : 参见“ImageFile::dimensions”的声明
E:\VS_code\504\studio16-21andLab5\oop_work-axb2\SharedCode\ImageFile.h(8): message : 参见“ImageFile”的声明
E:\VS_code\504\studio16-21andLab5\oop_work-axb2\SharedCode\BasicDisplayVisitor.cpp(22,43): error C2248: “ImageFile::coordsToIndex”: 无法访问 private 成员(在“ImageFile”类中声明)
E:\VS_code\504\studio16-21andLab5\oop_work-axb2\SharedCode\ImageFile.h(36): message : 参见“ImageFile::coordsToIndex”的声明
E:\VS_code\504\studio16-21andLab5\oop_work-axb2\SharedCode\ImageFile.h(8): message : 参见“ImageFile”的声明
  MetadataDisplayVisitor.cpp
  PasswordProxy.cpp
E:\VS_code\504\studio16-21andLab5\oop_work-axb2\SharedCode\PasswordProxy.cpp(19,27): error C2248: “AbstractFile::getParent”: 无法访问 protected 成员(在“AbstractFile”类中声明)
E:\VS_code\504\studio16-21andLab5\oop_work-axb2\SharedCode\AbstractFile.h(41): message : 参见“AbstractFile::getParent”的声明
E:\VS_code\504\studio16-21andLab5\oop_work-axb2\SharedCode\AbstractFile.h(11): message : 参见“AbstractFile”的声明
E:\VS_code\504\studio16-21andLab5\oop_work-axb2\SharedCode\PasswordProxy.cpp(20,25): error C2248: “AbstractFile::setParent”: 无法访问 protected 成员(在“AbstractFile”类中声明)
E:\VS_code\504\studio16-21andLab5\oop_work-axb2\SharedCode\AbstractFile.h(39): message : 参见“AbstractFile::setParent”的声明
E:\VS_code\504\studio16-21andLab5\oop_work-axb2\SharedCode\AbstractFile.h(11): message : 参见“AbstractFile”的声明
E:\VS_code\504\studio16-21andLab5\oop_work-axb2\SharedCode\PasswordProxy.cpp(64,35): error C2248: “AbstractFile::removeChild”: 无法访问 protected 成员(在“AbstractFile”类中声明)
E:\VS_code\504\studio16-21andLab5\oop_work-axb2\SharedCode\AbstractFile.h(38): message : 参见“AbstractFile::removeChild”的声明
E:\VS_code\504\studio16-21andLab5\oop_work-axb2\SharedCode\AbstractFile.h(11): message : 参见“AbstractFile”的声明
  SimpleFileFactory.cpp
  SimpleFileSystem.cpp
  TextFile.cpp
E:\VS_code\504\studio16-21andLab5\oop_work-axb2\SharedCode\TextFile.cpp(11,24): warning C4267: “return”: 从“size_t”转换到“unsigned int”，可能丢失数据
  Studio20.cpp
E:\VS_code\504\studio16-21andLab5\oop_work-axb2\Studio20\Studio20\Studio20.cpp(8,37): error C2512: “PasswordProxy::PasswordProxy”: 没有合适的默认构造函数可用
  正在生成代码...
